<?xml version="1.0" encoding="UTF-8"?>
<!-- Generated by org.testng.reporters.JUnitReportReporter -->
<testsuite hostname="LAPTOP-UCD955FI" failures="0" tests="2" name="com.aspire.framework.TestNG.Annotations_1" time="0.009" errors="0" timestamp="2022-08-02T18:34:34 IST" skipped="0">
  <testcase classname="com.aspire.framework.TestNG.Annotations_1" name="ClickLoginBtn" time="0.008"/>
  <system-out>
    <![CDATA[ClickLoginBtn TC is successful]]>
  </system-out>
  <testcase classname="com.aspire.framework.TestNG.Annotations_1" name="verifyUser" time="0.001"/>
  <system-out>
    <![CDATA[verifyUser TC is successful]]>
  </system-out>
</testsuite> <!-- com.aspire.framework.TestNG.Annotations_1 -->
