<?xml version="1.0" encoding="UTF-8"?>
<!-- Generated by org.testng.reporters.JUnitReportReporter -->
<testsuite hostname="LAPTOP-UCD955FI" failures="0" tests="2" name="com.aspire.framework.FailedXml_SkipTC.SkipTestCases" time="0.010" errors="0" timestamp="2022-08-03T18:40:45 IST" skipped="1">
  <testcase classname="com.aspire.framework.FailedXml_SkipTC.SkipTestCases" name="m4" time="0.010"/>
  <system-out>
    <![CDATA[4]]>
  </system-out>
  <testcase classname="com.aspire.framework.FailedXml_SkipTC.SkipTestCases" name="m1">
    <skipped/>
  </testcase> <!-- m1 -->
  <system-out/>
</testsuite> <!-- com.aspire.framework.FailedXml_SkipTC.SkipTestCases -->
