<?xml version="1.0" encoding="UTF-8"?>
<!-- Generated by org.testng.reporters.JUnitReportReporter -->
<testsuite hostname="LAPTOP-UCD955FI" failures="0" tests="2" name="com.aspire.framework.TestNG.Demo1" time="0.003" errors="0" timestamp="2022-08-02T19:07:16 IST" skipped="0">
  <testcase classname="com.aspire.framework.TestNG.Demo1" name="TC2" time="0.001"/>
  <system-out>
    <![CDATA[TC2 is running]]>
  </system-out>
  <testcase classname="com.aspire.framework.TestNG.Demo1" name="TC1" time="0.002"/>
  <system-out>
    <![CDATA[TC1 is running]]>
  </system-out>
</testsuite> <!-- com.aspire.framework.TestNG.Demo1 -->
