<?xml version="1.0" encoding="UTF-8"?>
<!-- Generated by org.testng.reporters.JUnitReportReporter -->
<testsuite hostname="LAPTOP-UCD955FI" failures="0" tests="7" name="com.aspire.framework.Groups.Grouping" time="0.017" errors="0" timestamp="2022-08-03T18:59:51 IST" skipped="0">
  <testcase classname="com.aspire.framework.Groups.Grouping" name="m3" time="0.001"/>
  <system-out>
    <![CDATA[3]]>
  </system-out>
  <testcase classname="com.aspire.framework.Groups.Grouping" name="m7" time="0.001"/>
  <system-out>
    <![CDATA[7]]>
  </system-out>
  <testcase classname="com.aspire.framework.Groups.Grouping" name="m8" time="0.001"/>
  <system-out>
    <![CDATA[8]]>
  </system-out>
  <testcase classname="com.aspire.framework.Groups.Grouping" name="m4" time="0.001"/>
  <system-out>
    <![CDATA[4]]>
  </system-out>
  <testcase classname="com.aspire.framework.Groups.Grouping" name="m2" time="0.002"/>
  <system-out>
    <![CDATA[2]]>
  </system-out>
  <testcase classname="com.aspire.framework.Groups.Grouping" name="m1" time="0.010"/>
  <system-out>
    <![CDATA[1]]>
  </system-out>
  <testcase classname="com.aspire.framework.Groups.Grouping" name="m6" time="0.001"/>
  <system-out>
    <![CDATA[6]]>
  </system-out>
</testsuite> <!-- com.aspire.framework.Groups.Grouping -->
