<?xml version="1.0" encoding="UTF-8"?>
<!-- Generated by org.testng.reporters.JUnitReportReporter -->
<testsuite hostname="LAPTOP-UCD955FI" failures="0" tests="2" name="com.aspire.framework.ParallelCompatibility.Browser_1" time="146.295" errors="0" timestamp="2022-08-03T19:30:44 IST" skipped="0">
  <testcase classname="com.aspire.framework.ParallelCompatibility.Browser_1" name="ChromeBrowser" time="72.559"/>
  <system-out/>
  <testcase classname="com.aspire.framework.ParallelCompatibility.Browser_1" name="ChromeBrowser" time="73.736"/>
  <system-out/>
</testsuite> <!-- com.aspire.framework.ParallelCompatibility.Browser_1 -->
